<?xml version="1.0" encoding="UTF-8"?>
<!-- Generated by org.testng.reporters.JUnitReportReporter -->
<testsuite skipped="0" hostname="LAPTOP-5DN4VF2K" name="uk.co.library.testsuite.JobSearchTest" tests="6" failures="0" timestamp="2022-12-16T15:52:36 GMT" time="181.161" errors="0">
  <testcase name="verifyJobSearchResultUsingDifferentDataSet" time="29.087" classname="uk.co.library.testsuite.JobSearchTest"/>
  <system-out>
    <![CDATA[Enter Job Title [[ChromeDriver: chrome on WINDOWS (9c136dbe60c268e8599c2519ca787b6b)] -> id: keywords]
Enter Location [[ChromeDriver: chrome on WINDOWS (9c136dbe60c268e8599c2519ca787b6b)] -> id: location]
Select Distance [[ChromeDriver: chrome on WINDOWS (9c136dbe60c268e8599c2519ca787b6b)] -> id: location]
Enter Location [[ChromeDriver: chrome on WINDOWS (9c136dbe60c268e8599c2519ca787b6b)] -> id: toggle-hp-search]
Enter Min Salary [[ChromeDriver: chrome on WINDOWS (9c136dbe60c268e8599c2519ca787b6b)] -> id: salarymin]
Enter Maz Salary [[ChromeDriver: chrome on WINDOWS (9c136dbe60c268e8599c2519ca787b6b)] -> id: salarymax]
Select Salary Type [[ChromeDriver: chrome on WINDOWS (9c136dbe60c268e8599c2519ca787b6b)] -> id: salarytype]
Select Job Type [[ChromeDriver: chrome on WINDOWS (9c136dbe60c268e8599c2519ca787b6b)] -> id: tempperm]
Click on Find Jobs Button [[ChromeDriver: chrome on WINDOWS (9c136dbe60c268e8599c2519ca787b6b)] -> id: hp-search-btn]
Verify the result[[ChromeDriver: chrome on WINDOWS (9c136dbe60c268e8599c2519ca787b6b)] -> xpath: //h1[@class='search-header__title']]
Click to see screenshot
<a target = "_blank" href=C:\Users\hetar\IdeaProjects\cv-library-uk-savitri/test-output/html/verifyJobSearchResultUsingDifferentDataSetFri_Dec_16_15_51_33_GMT_2022.jpg>Screenshot</a>
<br>
<br>
<a target = "_blank" href=C:\Users\hetar\IdeaProjects\cv-library-uk-savitri/test-output/html/verifyJobSearchResultUsingDifferentDataSetFri_Dec_16_15_51_33_GMT_2022.jpg><img src=C:\Users\hetar\IdeaProjects\cv-library-uk-savitri/test-output/html/verifyJobSearchResultUsingDifferentDataSetFri_Dec_16_15_51_33_GMT_2022.jpg height=200 width=200></img></a>]]>
  </system-out>
  <testcase name="verifyJobSearchResultUsingDifferentDataSet" time="29.575" classname="uk.co.library.testsuite.JobSearchTest"/>
  <system-out>
    <![CDATA[Enter Job Title [[ChromeDriver: chrome on WINDOWS (5c88cba5157f33adcbf1b4328605f0d5)] -> id: keywords]
Enter Location [[ChromeDriver: chrome on WINDOWS (5c88cba5157f33adcbf1b4328605f0d5)] -> id: location]
Select Distance [[ChromeDriver: chrome on WINDOWS (5c88cba5157f33adcbf1b4328605f0d5)] -> id: location]
Enter Location [[ChromeDriver: chrome on WINDOWS (5c88cba5157f33adcbf1b4328605f0d5)] -> id: toggle-hp-search]
Enter Min Salary [[ChromeDriver: chrome on WINDOWS (5c88cba5157f33adcbf1b4328605f0d5)] -> id: salarymin]
Enter Maz Salary [[ChromeDriver: chrome on WINDOWS (5c88cba5157f33adcbf1b4328605f0d5)] -> id: salarymax]
Select Salary Type [[ChromeDriver: chrome on WINDOWS (5c88cba5157f33adcbf1b4328605f0d5)] -> id: salarytype]
Select Job Type [[ChromeDriver: chrome on WINDOWS (5c88cba5157f33adcbf1b4328605f0d5)] -> id: tempperm]
Click on Find Jobs Button [[ChromeDriver: chrome on WINDOWS (5c88cba5157f33adcbf1b4328605f0d5)] -> id: hp-search-btn]
Verify the result[[ChromeDriver: chrome on WINDOWS (5c88cba5157f33adcbf1b4328605f0d5)] -> xpath: //h1[@class='search-header__title']]
Click to see screenshot
<a target = "_blank" href=C:\Users\hetar\IdeaProjects\cv-library-uk-savitri/test-output/html/verifyJobSearchResultUsingDifferentDataSetFri_Dec_16_15_52_35_GMT_2022.jpg>Screenshot</a>
<br>
<br>
<a target = "_blank" href=C:\Users\hetar\IdeaProjects\cv-library-uk-savitri/test-output/html/verifyJobSearchResultUsingDifferentDataSetFri_Dec_16_15_52_35_GMT_2022.jpg><img src=C:\Users\hetar\IdeaProjects\cv-library-uk-savitri/test-output/html/verifyJobSearchResultUsingDifferentDataSetFri_Dec_16_15_52_35_GMT_2022.jpg height=200 width=200></img></a>]]>
  </system-out>
  <testcase name="verifyJobSearchResultUsingDifferentDataSet" time="29.986" classname="uk.co.library.testsuite.JobSearchTest"/>
  <system-out>
    <![CDATA[Enter Job Title [[ChromeDriver: chrome on WINDOWS (3a01d833d044e177bae0fb07450bba34)] -> id: keywords]
Enter Location [[ChromeDriver: chrome on WINDOWS (3a01d833d044e177bae0fb07450bba34)] -> id: location]
Select Distance [[ChromeDriver: chrome on WINDOWS (3a01d833d044e177bae0fb07450bba34)] -> id: location]
Enter Location [[ChromeDriver: chrome on WINDOWS (3a01d833d044e177bae0fb07450bba34)] -> id: toggle-hp-search]
Enter Min Salary [[ChromeDriver: chrome on WINDOWS (3a01d833d044e177bae0fb07450bba34)] -> id: salarymin]
Enter Maz Salary [[ChromeDriver: chrome on WINDOWS (3a01d833d044e177bae0fb07450bba34)] -> id: salarymax]
Select Salary Type [[ChromeDriver: chrome on WINDOWS (3a01d833d044e177bae0fb07450bba34)] -> id: salarytype]
Select Job Type [[ChromeDriver: chrome on WINDOWS (3a01d833d044e177bae0fb07450bba34)] -> id: tempperm]
Click on Find Jobs Button [[ChromeDriver: chrome on WINDOWS (3a01d833d044e177bae0fb07450bba34)] -> id: hp-search-btn]
Verify the result[[ChromeDriver: chrome on WINDOWS (3a01d833d044e177bae0fb07450bba34)] -> xpath: //h1[@class='search-header__title']]
Click to see screenshot
<a target = "_blank" href=C:\Users\hetar\IdeaProjects\cv-library-uk-savitri/test-output/html/verifyJobSearchResultUsingDifferentDataSetFri_Dec_16_15_50_34_GMT_2022.jpg>Screenshot</a>
<br>
<br>
<a target = "_blank" href=C:\Users\hetar\IdeaProjects\cv-library-uk-savitri/test-output/html/verifyJobSearchResultUsingDifferentDataSetFri_Dec_16_15_50_34_GMT_2022.jpg><img src=C:\Users\hetar\IdeaProjects\cv-library-uk-savitri/test-output/html/verifyJobSearchResultUsingDifferentDataSetFri_Dec_16_15_50_34_GMT_2022.jpg height=200 width=200></img></a>]]>
  </system-out>
  <testcase name="verifyJobSearchResultUsingDifferentDataSet" time="31.149" classname="uk.co.library.testsuite.JobSearchTest"/>
  <system-out>
    <![CDATA[Enter Job Title [[ChromeDriver: chrome on WINDOWS (2a47844386da825a75b51bc71b698f93)] -> id: keywords]
Enter Location [[ChromeDriver: chrome on WINDOWS (2a47844386da825a75b51bc71b698f93)] -> id: location]
Select Distance [[ChromeDriver: chrome on WINDOWS (2a47844386da825a75b51bc71b698f93)] -> id: location]
Enter Location [[ChromeDriver: chrome on WINDOWS (2a47844386da825a75b51bc71b698f93)] -> id: toggle-hp-search]
Enter Min Salary [[ChromeDriver: chrome on WINDOWS (2a47844386da825a75b51bc71b698f93)] -> id: salarymin]
Enter Maz Salary [[ChromeDriver: chrome on WINDOWS (2a47844386da825a75b51bc71b698f93)] -> id: salarymax]
Select Salary Type [[ChromeDriver: chrome on WINDOWS (2a47844386da825a75b51bc71b698f93)] -> id: salarytype]
Select Job Type [[ChromeDriver: chrome on WINDOWS (2a47844386da825a75b51bc71b698f93)] -> id: tempperm]
Click on Find Jobs Button [[ChromeDriver: chrome on WINDOWS (2a47844386da825a75b51bc71b698f93)] -> id: hp-search-btn]
Verify the result[[ChromeDriver: chrome on WINDOWS (2a47844386da825a75b51bc71b698f93)] -> xpath: //h1[@class='search-header__title']]
Click to see screenshot
<a target = "_blank" href=C:\Users\hetar\IdeaProjects\cv-library-uk-savitri/test-output/html/verifyJobSearchResultUsingDifferentDataSetFri_Dec_16_15_52_05_GMT_2022.jpg>Screenshot</a>
<br>
<br>
<a target = "_blank" href=C:\Users\hetar\IdeaProjects\cv-library-uk-savitri/test-output/html/verifyJobSearchResultUsingDifferentDataSetFri_Dec_16_15_52_05_GMT_2022.jpg><img src=C:\Users\hetar\IdeaProjects\cv-library-uk-savitri/test-output/html/verifyJobSearchResultUsingDifferentDataSetFri_Dec_16_15_52_05_GMT_2022.jpg height=200 width=200></img></a>]]>
  </system-out>
  <testcase name="verifyJobSearchResultUsingDifferentDataSet" time="31.785" classname="uk.co.library.testsuite.JobSearchTest"/>
  <system-out>
    <![CDATA[Enter Job Title [[ChromeDriver: chrome on WINDOWS (cdc6a6e166e77afcbfe4b832d766b0a8)] -> id: keywords]
Enter Location [[ChromeDriver: chrome on WINDOWS (cdc6a6e166e77afcbfe4b832d766b0a8)] -> id: location]
Select Distance [[ChromeDriver: chrome on WINDOWS (cdc6a6e166e77afcbfe4b832d766b0a8)] -> id: location]
Enter Location [[ChromeDriver: chrome on WINDOWS (cdc6a6e166e77afcbfe4b832d766b0a8)] -> id: toggle-hp-search]
Enter Min Salary [[ChromeDriver: chrome on WINDOWS (cdc6a6e166e77afcbfe4b832d766b0a8)] -> id: salarymin]
Enter Maz Salary [[ChromeDriver: chrome on WINDOWS (cdc6a6e166e77afcbfe4b832d766b0a8)] -> id: salarymax]
Select Salary Type [[ChromeDriver: chrome on WINDOWS (cdc6a6e166e77afcbfe4b832d766b0a8)] -> id: salarytype]
Select Job Type [[ChromeDriver: chrome on WINDOWS (cdc6a6e166e77afcbfe4b832d766b0a8)] -> id: tempperm]
Click on Find Jobs Button [[ChromeDriver: chrome on WINDOWS (cdc6a6e166e77afcbfe4b832d766b0a8)] -> id: hp-search-btn]
Verify the result[[ChromeDriver: chrome on WINDOWS (cdc6a6e166e77afcbfe4b832d766b0a8)] -> xpath: //h1[@class='search-header__title']]
Click to see screenshot
<a target = "_blank" href=C:\Users\hetar\IdeaProjects\cv-library-uk-savitri/test-output/html/verifyJobSearchResultUsingDifferentDataSetFri_Dec_16_15_50_04_GMT_2022.jpg>Screenshot</a>
<br>
<br>
<a target = "_blank" href=C:\Users\hetar\IdeaProjects\cv-library-uk-savitri/test-output/html/verifyJobSearchResultUsingDifferentDataSetFri_Dec_16_15_50_04_GMT_2022.jpg><img src=C:\Users\hetar\IdeaProjects\cv-library-uk-savitri/test-output/html/verifyJobSearchResultUsingDifferentDataSetFri_Dec_16_15_50_04_GMT_2022.jpg height=200 width=200></img></a>]]>
  </system-out>
  <testcase name="verifyJobSearchResultUsingDifferentDataSet" time="29.579" classname="uk.co.library.testsuite.JobSearchTest"/>
  <system-out>
    <![CDATA[Enter Job Title [[ChromeDriver: chrome on WINDOWS (e148d550d27963ee57e8497ab2afda90)] -> id: keywords]
Enter Location [[ChromeDriver: chrome on WINDOWS (e148d550d27963ee57e8497ab2afda90)] -> id: location]
Select Distance [[ChromeDriver: chrome on WINDOWS (e148d550d27963ee57e8497ab2afda90)] -> id: location]
Enter Location [[ChromeDriver: chrome on WINDOWS (e148d550d27963ee57e8497ab2afda90)] -> id: toggle-hp-search]
Enter Min Salary [[ChromeDriver: chrome on WINDOWS (e148d550d27963ee57e8497ab2afda90)] -> id: salarymin]
Enter Maz Salary [[ChromeDriver: chrome on WINDOWS (e148d550d27963ee57e8497ab2afda90)] -> id: salarymax]
Select Salary Type [[ChromeDriver: chrome on WINDOWS (e148d550d27963ee57e8497ab2afda90)] -> id: salarytype]
Select Job Type [[ChromeDriver: chrome on WINDOWS (e148d550d27963ee57e8497ab2afda90)] -> id: tempperm]
Click on Find Jobs Button [[ChromeDriver: chrome on WINDOWS (e148d550d27963ee57e8497ab2afda90)] -> id: hp-search-btn]
Verify the result[[ChromeDriver: chrome on WINDOWS (e148d550d27963ee57e8497ab2afda90)] -> xpath: //h1[@class='search-header__title']]
Click to see screenshot
<a target = "_blank" href=C:\Users\hetar\IdeaProjects\cv-library-uk-savitri/test-output/html/verifyJobSearchResultUsingDifferentDataSetFri_Dec_16_15_51_03_GMT_2022.jpg>Screenshot</a>
<br>
<br>
<a target = "_blank" href=C:\Users\hetar\IdeaProjects\cv-library-uk-savitri/test-output/html/verifyJobSearchResultUsingDifferentDataSetFri_Dec_16_15_51_03_GMT_2022.jpg><img src=C:\Users\hetar\IdeaProjects\cv-library-uk-savitri/test-output/html/verifyJobSearchResultUsingDifferentDataSetFri_Dec_16_15_51_03_GMT_2022.jpg height=200 width=200></img></a>]]>
  </system-out>
</testsuite> <!-- uk.co.library.testsuite.JobSearchTest -->
